<?xml version="1.0" encoding="UTF-8"?>
<!-- Generated by org.testng.reporters.JUnitXMLReporter -->
<testsuite hostname="ASDP1760PO02529" ignored="9" name="Default test" tests="1" failures="0" timestamp="03 Jul 2017 07:32:23 GMT" time="0.039" errors="0">
  <testcase name="testFileNotFoundException" time="0.018" classname="com.qainfotech.tap.training.snl.api.BoardTest"/>
  <testcase name="isPlayerRemoved" time="0.0" classname="com.qainfotech.tap.training.snl.api.BoardTest">
    <ignored/>
  </testcase> <!-- isPlayerRemoved -->
  <testcase name="IsPlayerClimbLadder" time="0.0" classname="com.qainfotech.tap.training.snl.api.BoardTest">
    <ignored/>
  </testcase> <!-- IsPlayerClimbLadder -->
  <testcase name="MAXNumberOfExistingPlayers" time="0.0" classname="com.qainfotech.tap.training.snl.api.BoardTest">
    <ignored/>
  </testcase> <!-- MAXNumberOfExistingPlayers -->
  <testcase name="testSnakeAtBegining" time="0.0" classname="com.qainfotech.tap.training.snl.api.BoardTest">
    <ignored/>
  </testcase> <!-- testSnakeAtBegining -->
  <testcase name="testValidTurn" time="0.0" classname="com.qainfotech.tap.training.snl.api.BoardTest">
    <ignored/>
  </testcase> <!-- testValidTurn -->
  <testcase name="testSnakeBite" time="0.0" classname="com.qainfotech.tap.training.snl.api.BoardTest">
    <ignored/>
  </testcase> <!-- testSnakeBite -->
  <testcase name="testLadderOrSnakeAtFinish" time="0.0" classname="com.qainfotech.tap.training.snl.api.BoardTest">
    <ignored/>
  </testcase> <!-- testLadderOrSnakeAtFinish -->
  <testcase name="IsAnyPlayersHasSameName" time="0.0" classname="com.qainfotech.tap.training.snl.api.BoardTest">
    <ignored/>
  </testcase> <!-- IsAnyPlayersHasSameName -->
  <testcase name="testBoardInitialized" time="0.0" classname="com.qainfotech.tap.training.snl.api.BoardTest">
    <ignored/>
  </testcase> <!-- testBoardInitialized -->
</testsuite> <!-- Default test -->
