<?xml version="1.0" encoding="UTF-8"?>
<!-- Generated by org.testng.reporters.JUnitXMLReporter -->
<testsuite hostname="ASDP1760PO02529" ignored="4" name="Default test" tests="1" failures="0" timestamp="30 Jun 2017 10:19:19 GMT" time="0.074" errors="0">
  <testcase name="IsPlayerClimbLadder" time="0.053" classname="com.qainfotech.tap.training.snl.api.BoardTest"/>
  <testcase name="isPlayerRemoved" time="0.0" classname="com.qainfotech.tap.training.snl.api.BoardTest">
    <ignored/>
  </testcase> <!-- isPlayerRemoved -->
  <testcase name="MAXNumberOfExistingPlayers" time="0.0" classname="com.qainfotech.tap.training.snl.api.BoardTest">
    <ignored/>
  </testcase> <!-- MAXNumberOfExistingPlayers -->
  <testcase name="IsAnyPlayersHasSameName" time="0.0" classname="com.qainfotech.tap.training.snl.api.BoardTest">
    <ignored/>
  </testcase> <!-- IsAnyPlayersHasSameName -->
  <testcase name="test1" time="0.0" classname="com.qainfotech.tap.training.snl.api.BoardTest">
    <ignored/>
  </testcase> <!-- test1 -->
</testsuite> <!-- Default test -->
