<?xml version="1.0" encoding="UTF-8"?>
<testng-results skipped="0" failed="0" ignored="4" total="5" passed="1">
  <reporter-output>
  </reporter-output>
  <suite name="Default suite" duration-ms="74" started-at="2017-06-30T10:19:19Z" finished-at="2017-06-30T10:19:19Z">
    <groups>
    </groups>
    <test name="Default test" duration-ms="74" started-at="2017-06-30T10:19:19Z" finished-at="2017-06-30T10:19:19Z">
      <class name="com.qainfotech.tap.training.snl.api.BoardTest">
        <test-method status="PASS" signature="IsPlayerClimbLadder()[pri:0, instance:com.qainfotech.tap.training.snl.api.BoardTest@458ad742]" name="IsPlayerClimbLadder" duration-ms="53" started-at="2017-06-30T15:49:19Z" finished-at="2017-06-30T15:49:19Z">
          <reporter-output>
          </reporter-output>
        </test-method> <!-- IsPlayerClimbLadder -->
      </class> <!-- com.qainfotech.tap.training.snl.api.BoardTest -->
    </test> <!-- Default test -->
  </suite> <!-- Default suite -->
</testng-results>
